wandb: Currently logged in as: hungtrab (hungtrab-hanoi-university-of-science-and-technology) to https://api.wandb.ai. Use `wandb login --relogin` to force relogin
wandb: setting up run 8b889cyk
wandb: Tracking run with wandb version 0.23.1
wandb: Run data is saved locally in logs/MiniGrid_Empty-8x8_reward_scale_jump_Baseline_20251218_004853/wandb/run-20251218_004856-8b889cyk
wandb: Run `wandb offline` to turn off syncing.
wandb: Syncing run MiniGrid_Empty-8x8_reward_scale_jump_Baseline_20251218_004853
wandb: ⭐️ View project at https://wandb.ai/hungtrab-hanoi-university-of-science-and-technology/MiniGrid_Drift_Research
wandb: 🚀 View run at https://wandb.ai/hungtrab-hanoi-university-of-science-and-technology/MiniGrid_Drift_Research/runs/8b889cyk
--- Training Start: MiniGrid_Empty-8x8_reward_scale_jump_Baseline_20251218_004853 ---
Traceback (most recent call last):
  File "/home/hungchan/Work/Deep-RL/scripts/train.py", line 260, in <module>
    main()
  File "/home/hungchan/Work/Deep-RL/scripts/train.py", line 156, in main
    env = make_env(cfg, log_path)
  File "/home/hungchan/Work/Deep-RL/scripts/train.py", line 70, in make_env
    env = make_nonstationary_env(env_id, drift_conf, seed=seed, **env_kwargs)
  File "/home/hungchan/Work/Deep-RL/scripts/../src/envs/multi_env_wrappers.py", line 858, in make_nonstationary_env
    base_env = gym.make(env_id, **env_kwargs)
  File "/home/hungchan/miniconda3/envs/rl_hf_course/lib/python3.10/site-packages/gymnasium/envs/registration.py", line 681, in make
    env_spec = _find_spec(id)
  File "/home/hungchan/miniconda3/envs/rl_hf_course/lib/python3.10/site-packages/gymnasium/envs/registration.py", line 526, in _find_spec
    _check_version_exists(ns, name, version)
  File "/home/hungchan/miniconda3/envs/rl_hf_course/lib/python3.10/site-packages/gymnasium/envs/registration.py", line 392, in _check_version_exists
    _check_name_exists(ns, name)
  File "/home/hungchan/miniconda3/envs/rl_hf_course/lib/python3.10/site-packages/gymnasium/envs/registration.py", line 369, in _check_name_exists
    raise error.NameNotFound(
gymnasium.error.NameNotFound: Environment `MiniGrid-Empty-8x8` doesn't exist.
Traceback (most recent call last):
  File "/home/hungchan/Work/Deep-RL/scripts/train.py", line 260, in <module>
    main()
  File "/home/hungchan/Work/Deep-RL/scripts/train.py", line 156, in main
    env = make_env(cfg, log_path)
  File "/home/hungchan/Work/Deep-RL/scripts/train.py", line 70, in make_env
    env = make_nonstationary_env(env_id, drift_conf, seed=seed, **env_kwargs)
  File "/home/hungchan/Work/Deep-RL/scripts/../src/envs/multi_env_wrappers.py", line 858, in make_nonstationary_env
    base_env = gym.make(env_id, **env_kwargs)
  File "/home/hungchan/miniconda3/envs/rl_hf_course/lib/python3.10/site-packages/gymnasium/envs/registration.py", line 681, in make
    env_spec = _find_spec(id)
  File "/home/hungchan/miniconda3/envs/rl_hf_course/lib/python3.10/site-packages/gymnasium/envs/registration.py", line 526, in _find_spec
    _check_version_exists(ns, name, version)
  File "/home/hungchan/miniconda3/envs/rl_hf_course/lib/python3.10/site-packages/gymnasium/envs/registration.py", line 392, in _check_version_exists
    _check_name_exists(ns, name)
  File "/home/hungchan/miniconda3/envs/rl_hf_course/lib/python3.10/site-packages/gymnasium/envs/registration.py", line 369, in _check_name_exists
    raise error.NameNotFound(
gymnasium.error.NameNotFound: Environment `MiniGrid-Empty-8x8` doesn't exist.
[1;34mwandb[0m: 
[1;34mwandb[0m: 🚀 View run [33mMiniGrid_Empty-8x8_reward_scale_jump_Baseline_20251218_004853[0m at: [34m[0m
