wandb: Currently logged in as: hungtrab (hungtrab-hanoi-university-of-science-and-technology) to https://api.wandb.ai. Use `wandb login --relogin` to force relogin
wandb: setting up run pcxe9cmo
wandb: Tracking run with wandb version 0.23.1
wandb: Run data is saved locally in logs/CartPole_gravity_jump_Baseline_20251217_132121/wandb/run-20251217_132123-pcxe9cmo
wandb: Run `wandb offline` to turn off syncing.
wandb: Syncing run CartPole_gravity_jump_Baseline_20251217_132121
wandb: â­ï¸ View project at https://wandb.ai/hungtrab-hanoi-university-of-science-and-technology/CartPole_Drift_Research_SAC
wandb: ðŸš€ View run at https://wandb.ai/hungtrab-hanoi-university-of-science-and-technology/CartPole_Drift_Research_SAC/runs/pcxe9cmo
--- Training Start: CartPole_gravity_jump_Baseline_20251217_132121 ---
>>> [Wrapper] Initialized Non-Stationary CartPole
    - gravity: jump (magnitude=10.0, period=50000)
>>> Initializing SAC with kwargs: ['policy', 'env', 'learning_rate', 'gamma', 'verbose', 'tensorboard_log', 'buffer_size', 'batch_size', 'learning_starts', 'tau']
Using cuda device
Wrapping the env in a DummyVecEnv.
Traceback (most recent call last):
  File "/home/hungchan/Work/Deep-RL/scripts/train.py", line 259, in <module>
    main()
  File "/home/hungchan/Work/Deep-RL/scripts/train.py", line 184, in main
    model = AlgoClass(**model_kwargs)
  File "/home/hungchan/miniconda3/envs/rl_hf_course/lib/python3.10/site-packages/stable_baselines3/sac/sac.py", line 122, in __init__
    super().__init__(
  File "/home/hungchan/miniconda3/envs/rl_hf_course/lib/python3.10/site-packages/stable_baselines3/common/off_policy_algorithm.py", line 112, in __init__
    super().__init__(
  File "/home/hungchan/miniconda3/envs/rl_hf_course/lib/python3.10/site-packages/stable_baselines3/common/base_class.py", line 181, in __init__
    assert isinstance(self.action_space, supported_action_spaces), (
AssertionError: The algorithm only supports (<class 'gymnasium.spaces.box.Box'>,) as action spaces but Discrete(2) was provided
Traceback (most recent call last):
  File "/home/hungchan/Work/Deep-RL/scripts/train.py", line 259, in <module>
    main()
  File "/home/hungchan/Work/Deep-RL/scripts/train.py", line 184, in main
    model = AlgoClass(**model_kwargs)
  File "/home/hungchan/miniconda3/envs/rl_hf_course/lib/python3.10/site-packages/stable_baselines3/sac/sac.py", line 122, in __init__
    super().__init__(
  File "/home/hungchan/miniconda3/envs/rl_hf_course/lib/python3.10/site-packages/stable_baselines3/common/off_policy_algorithm.py", line 112, in __init__
    super().__init__(
  File "/home/hungchan/miniconda3/envs/rl_hf_course/lib/python3.10/site-packages/stable_baselines3/common/base_class.py", line 181, in __init__
    assert isinstance(self.action_space, supported_action_spaces), (
AssertionError: The algorithm only supports (<class 'gymnasium.spaces.box.Box'>,) as action spaces but Discrete(2) was provided
