wandb: Currently logged in as: hungtrab (hungtrab-hanoi-university-of-science-and-technology) to https://api.wandb.ai. Use `wandb login --relogin` to force relogin
wandb: setting up run 4goaez31
wandb: Tracking run with wandb version 0.23.1
wandb: Run data is saved locally in logs/CartPole_masscart_random_walk_Adaptive_20251216_224147/wandb/run-20251216_225056-4goaez31
wandb: Run `wandb offline` to turn off syncing.
wandb: Syncing run CartPole_masscart_random_walk_Adaptive_20251216_224147
wandb: â­ï¸ View project at https://wandb.ai/hungtrab-hanoi-university-of-science-and-technology/CartPole_Drift_Research
wandb: ðŸš€ View run at https://wandb.ai/hungtrab-hanoi-university-of-science-and-technology/CartPole_Drift_Research/runs/4goaez31
Warning: sb3-contrib not installed. TRPO unavailable. Install with: pip install sb3-contrib
--- Training Start: CartPole_masscart_random_walk_Adaptive_20251216_224147 ---
>>> [Wrapper] Initialized Non-Stationary CartPole
    - masscart: random_walk (magnitude=0.5, period=10000)
>>> Initializing PPO with kwargs: ['policy', 'env', 'learning_rate', 'gamma', 'verbose', 'tensorboard_log', 'n_steps', 'batch_size']
Using cuda device
Wrapping the env in a DummyVecEnv.
Logging to logs/CartPole_masscart_random_walk_Adaptive_20251216_224147_0
>>> [DriftAdaptiveCallback] Training Started
    Algorithm: PPO
    Target Param: masscart (base=1.00620151425519)
    Scale Factor: 0.1
    
    Adaptive Hyperparameters:
      - Learning Rate: 0.000300
      - Clip Range: 0.200 (adapt=True)
      - Entropy Coef: 0.0000 (adapt=True)
-----------------------------------
| adaptive/            |          |
|    adaptation_factor | 1.32     |
|    algorithm         | PPO      |
|    base_clip_range   | 0.2      |
|    base_lr           | 0.0003   |
|    clip_range        | 0.151    |
|    drift_magnitude   | 3.24     |
|    ent_coef          | 0        |
|    learning_rate     | 0.000397 |
| env/                 |          |
|    base_value        | 1.01     |
|    masscart          | 4.27     |
| rollout/             |          |
|    ep_len_mean       | 31       |
|    ep_rew_mean       | 31       |
| time/                |          |
|    fps               | 1254     |
|    iterations        | 1        |
|    time_elapsed      | 1        |
|    total_timesteps   | 2048     |
-----------------------------------
--------------------------------------------
| adaptive/               |                |
|    adaptation_factor    | 1.18           |
|    algorithm            | PPO            |
|    base_clip_range      | 0.2            |
|    base_lr              | 0.0003         |
|    clip_range           | 0.169          |
|    drift_magnitude      | 1.83           |
|    ent_coef             | 0              |
|    learning_rate        | 0.000355       |
| env/                    |                |
|    base_value           | 1.01           |
|    masscart             | 2.85           |
| rollout/                |                |
|    ep_len_mean          | 32.2           |
|    ep_rew_mean          | 32.2           |
| time/                   |                |
|    fps                  | 1025           |
|    iterations           | 2              |
|    time_elapsed         | 3              |
|    total_timesteps      | 4096           |
| train/                  |                |
|    approx_kl            | 0.0023010508   |
|    clip_fraction        | 0.0169         |
|    clip_range           | 0.162          |
|    entropy_loss         | -0.691         |
|    explained_variance   | -0.00026249886 |
|    learning_rate        | 0.0003         |
|    loss                 | 8.75           |
|    n_updates            | 10             |
|    policy_gradient_loss | -0.00284       |
|    value_loss           | 67.2           |
--------------------------------------------
------------------------------------------
| adaptive/               |              |
|    adaptation_factor    | 1.09         |
|    algorithm            | PPO          |
|    base_clip_range      | 0.2          |
|    base_lr              | 0.0003       |
|    clip_range           | 0.183        |
|    drift_magnitude      | 0.929        |
|    ent_coef             | 0            |
|    learning_rate        | 0.000328     |
| env/                    |              |
|    base_value           | 1.01         |
|    masscart             | 1.94         |
| rollout/                |              |
|    ep_len_mean          | 32.8         |
|    ep_rew_mean          | 32.8         |
| time/                   |              |
|    fps                  | 1006         |
|    iterations           | 3            |
|    time_elapsed         | 6            |
|    total_timesteps      | 6144         |
| train/                  |              |
|    approx_kl            | 0.0029941958 |
|    clip_fraction        | 0.0215       |
|    clip_range           | 0.165        |
|    entropy_loss         | -0.682       |
|    explained_variance   | 0.089330494  |
|    learning_rate        | 0.0003       |
|    loss                 | 11.3         |
|    n_updates            | 20           |
|    policy_gradient_loss | -0.0055      |
|    value_loss           | 39.9         |
------------------------------------------
------------------------------------------
| adaptive/               |              |
|    adaptation_factor    | 1.57         |
|    algorithm            | PPO          |
|    base_clip_range      | 0.2          |
|    base_lr              | 0.0003       |
|    clip_range           | 0.128        |
|    drift_magnitude      | 5.68         |
|    ent_coef             | 0            |
|    learning_rate        | 0.00047      |
| env/                    |              |
|    base_value           | 1.01         |
|    masscart             | 6.72         |
| rollout/                |              |
|    ep_len_mean          | 42           |
|    ep_rew_mean          | 42           |
| time/                   |              |
|    fps                  | 987          |
|    iterations           | 4            |
|    time_elapsed         | 8            |
|    total_timesteps      | 8192         |
| train/                  |              |
|    approx_kl            | 0.0051008654 |
|    clip_fraction        | 0.0471       |
|    clip_range           | 0.177        |
|    entropy_loss         | -0.668       |
|    explained_variance   | 0.3871935    |
|    learning_rate        | 0.0003       |
|    loss                 | 8.68         |
|    n_updates            | 30           |
|    policy_gradient_loss | -0.0103      |
|    value_loss           | 31.2         |
------------------------------------------
-----------------------------------------
| adaptive/               |             |
|    adaptation_factor    | 1.73        |
|    algorithm            | PPO         |
|    base_clip_range      | 0.2         |
|    base_lr              | 0.0003      |
|    clip_range           | 0.115       |
|    drift_magnitude      | 7.32        |
|    ent_coef             | 0           |
|    learning_rate        | 0.00052     |
| env/                    |             |
|    base_value           | 1.01        |
|    masscart             | 8.37        |
| rollout/                |             |
|    ep_len_mean          | 47.8        |
|    ep_rew_mean          | 47.8        |
| time/                   |             |
|    fps                  | 980         |
|    iterations           | 5           |
|    time_elapsed         | 10          |
|    total_timesteps      | 10240       |
| train/                  |             |
|    approx_kl            | 0.004971802 |
|    clip_fraction        | 0.0983      |
|    clip_range           | 0.13        |
|    entropy_loss         | -0.644      |
|    explained_variance   | 0.55075204  |
|    learning_rate        | 0.0003      |
|    loss                 | 19.8        |
|    n_updates            | 40          |
|    policy_gradient_loss | -0.00986    |
|    value_loss           | 44.1        |
-----------------------------------------
------------------------------------------
| adaptive/               |              |
|    adaptation_factor    | 1.21         |
|    algorithm            | PPO          |
|    base_clip_range      | 0.2          |
|    base_lr              | 0.0003       |
|    clip_range           | 0.165        |
|    drift_magnitude      | 2.09         |
|    ent_coef             | 0            |
|    learning_rate        | 0.000363     |
| env/                    |              |
|    base_value           | 1.01         |
|    masscart             | 3.11         |
| rollout/                |              |
|    ep_len_mean          | 51.9         |
|    ep_rew_mean          | 51.9         |
| time/                   |              |
|    fps                  | 975          |
|    iterations           | 6            |
|    time_elapsed         | 12           |
|    total_timesteps      | 12288        |
| train/                  |              |
|    approx_kl            | 0.0015077183 |
|    clip_fraction        | 0.0314       |
|    clip_range           | 0.12         |
|    entropy_loss         | -0.645       |
|    explained_variance   | 0.7827321    |
|    learning_rate        | 0.0003       |
|    loss                 | 4.72         |
|    n_updates            | 50           |
|    policy_gradient_loss | -0.0031      |
|    value_loss           | 17.4         |
------------------------------------------
-----------------------------------------
| adaptive/               |             |
|    adaptation_factor    | 1.53        |
|    algorithm            | PPO         |
|    base_clip_range      | 0.2         |
|    base_lr              | 0.0003      |
|    clip_range           | 0.131       |
|    drift_magnitude      | 5.31        |
|    ent_coef             | 0           |
|    learning_rate        | 0.000459    |
| env/                    |             |
|    base_value           | 1.01        |
|    masscart             | 6.35        |
| rollout/                |             |
|    ep_len_mean          | 58.9        |
|    ep_rew_mean          | 58.9        |
| time/                   |             |
|    fps                  | 976         |
|    iterations           | 7           |
|    time_elapsed         | 14          |
|    total_timesteps      | 14336       |
| train/                  |             |
|    approx_kl            | 0.011986468 |
|    clip_fraction        | 0.13        |
|    clip_range           | 0.166       |
|    entropy_loss         | -0.605      |
|    explained_variance   | 0.8607832   |
|    learning_rate        | 0.0003      |
|    loss                 | 8.97        |
|    n_updates            | 60          |
|    policy_gradient_loss | -0.0137     |
|    value_loss           | 20.9        |
-----------------------------------------
-----------------------------------------
| adaptive/               |             |
|    adaptation_factor    | 2.58        |
|    algorithm            | PPO         |
|    base_clip_range      | 0.2         |
|    base_lr              | 0.0003      |
|    clip_range           | 0.0775      |
|    drift_magnitude      | 15.8        |
|    ent_coef             | 0           |
|    learning_rate        | 0.000774    |
| env/                    |             |
|    base_value           | 1.01        |
|    masscart             | 16.9        |
| rollout/                |             |
|    ep_len_mean          | 64.8        |
|    ep_rew_mean          | 64.8        |
| time/                   |             |
|    fps                  | 979         |
|    iterations           | 8           |
|    time_elapsed         | 16          |
|    total_timesteps      | 16384       |
| train/                  |             |
|    approx_kl            | 0.012687717 |
|    clip_fraction        | 0.152       |
|    clip_range           | 0.131       |
|    entropy_loss         | -0.567      |
|    explained_variance   | 0.76629573  |
|    learning_rate        | 0.0003      |
|    loss                 | 17.4        |
|    n_updates            | 70          |
|    policy_gradient_loss | -0.0135     |
|    value_loss           | 37.6        |
-----------------------------------------
------------------------------------------
| adaptive/               |              |
|    adaptation_factor    | 2.53         |
|    algorithm            | PPO          |
|    base_clip_range      | 0.2          |
|    base_lr              | 0.0003       |
|    clip_range           | 0.079        |
|    drift_magnitude      | 15.3         |
|    ent_coef             | 0            |
|    learning_rate        | 0.000759     |
| env/                    |              |
|    base_value           | 1.01         |
|    masscart             | 16.4         |
| rollout/                |              |
|    ep_len_mean          | 66.9         |
|    ep_rew_mean          | 66.9         |
| time/                   |              |
|    fps                  | 975          |
|    iterations           | 9            |
|    time_elapsed         | 18           |
|    total_timesteps      | 18432        |
| train/                  |              |
|    approx_kl            | 0.0010234149 |
|    clip_fraction        | 0.0761       |
|    clip_range           | 0.0748       |
|    entropy_loss         | -0.551       |
|    explained_variance   | 0.861448     |
|    learning_rate        | 0.0003       |
|    loss                 | 6.9          |
|    n_updates            | 80           |
|    policy_gradient_loss | -0.00396     |
|    value_loss           | 24.1         |
------------------------------------------
-------------------------------------------
| adaptive/               |               |
|    adaptation_factor    | 2.97          |
|    algorithm            | PPO           |
|    base_clip_range      | 0.2           |
|    base_lr              | 0.0003        |
|    clip_range           | 0.0674        |
|    drift_magnitude      | 19.7          |
|    ent_coef             | 0             |
|    learning_rate        | 0.00089       |
| env/                    |               |
|    base_value           | 1.01          |
|    masscart             | 20.8          |
| rollout/                |               |
|    ep_len_mean          | 57.2          |
|    ep_rew_mean          | 57.2          |
| time/                   |               |
|    fps                  | 977           |
|    iterations           | 10            |
|    time_elapsed         | 20            |
|    total_timesteps      | 20480         |
| train/                  |               |
|    approx_kl            | 0.00068235694 |
|    clip_fraction        | 0.0542        |
|    clip_range           | 0.0773        |
|    entropy_loss         | -0.527        |
|    explained_variance   | 0.9170465     |
|    learning_rate        | 0.0003        |
|    loss                 | 4.06          |
|    n_updates            | 90            |
|    policy_gradient_loss | -0.003        |
|    value_loss           | 11.4          |
-------------------------------------------
------------------------------------------
| adaptive/               |              |
|    adaptation_factor    | 2.47         |
|    algorithm            | PPO          |
|    base_clip_range      | 0.2          |
|    base_lr              | 0.0003       |
|    clip_range           | 0.0809       |
|    drift_magnitude      | 14.7         |
|    ent_coef             | 0            |
|    learning_rate        | 0.000741     |
| env/                    |              |
|    base_value           | 1.01         |
|    masscart             | 15.8         |
| rollout/                |              |
|    ep_len_mean          | 56.1         |
|    ep_rew_mean          | 56.1         |
| time/                   |              |
|    fps                  | 981          |
|    iterations           | 11           |
|    time_elapsed         | 22           |
|    total_timesteps      | 22528        |
| train/                  |              |
|    approx_kl            | 0.0019581006 |
|    clip_fraction        | 0.0944       |
|    clip_range           | 0.0667       |
|    entropy_loss         | -0.483       |
|    explained_variance   | 0.93852395   |
|    learning_rate        | 0.0003       |
|    loss                 | 3.67         |
|    n_updates            | 100          |
|    policy_gradient_loss | -0.0031      |
|    value_loss           | 9.7          |
------------------------------------------
-----------------------------------------
| adaptive/               |             |
|    adaptation_factor    | 2.35        |
|    algorithm            | PPO         |
|    base_clip_range      | 0.2         |
|    base_lr              | 0.0003      |
|    clip_range           | 0.0852      |
|    drift_magnitude      | 13.5        |
|    ent_coef             | 0           |
|    learning_rate        | 0.000704    |
| env/                    |             |
|    base_value           | 1.01        |
|    masscart             | 14.6        |
| rollout/                |             |
|    ep_len_mean          | 58.6        |
|    ep_rew_mean          | 58.6        |
| time/                   |             |
|    fps                  | 983         |
|    iterations           | 12          |
|    time_elapsed         | 24          |
|    total_timesteps      | 24576       |
| train/                  |             |
|    approx_kl            | 0.005662472 |
|    clip_fraction        | 0.137       |
|    clip_range           | 0.079       |
|    entropy_loss         | -0.47       |
|    explained_variance   | 0.9512563   |
|    learning_rate        | 0.0003      |
|    loss                 | 4.37        |
|    n_updates            | 110         |
|    policy_gradient_loss | -0.00654    |
|    value_loss           | 10.3        |
-----------------------------------------
-----------------------------------------
| adaptive/               |             |
|    adaptation_factor    | 1.74        |
|    algorithm            | PPO         |
|    base_clip_range      | 0.2         |
|    base_lr              | 0.0003      |
|    clip_range           | 0.115       |
|    drift_magnitude      | 7.42        |
|    ent_coef             | 0           |
|    learning_rate        | 0.000523    |
| env/                    |             |
|    base_value           | 1.01        |
|    masscart             | 8.47        |
| rollout/                |             |
|    ep_len_mean          | 69.4        |
|    ep_rew_mean          | 69.4        |
| time/                   |             |
|    fps                  | 983         |
|    iterations           | 13          |
|    time_elapsed         | 27          |
|    total_timesteps      | 26624       |
| train/                  |             |
|    approx_kl            | 0.011424145 |
|    clip_fraction        | 0.233       |
|    clip_range           | 0.0844      |
|    entropy_loss         | -0.359      |
|    explained_variance   | 0.93806535  |
|    learning_rate        | 0.0003      |
|    loss                 | 5.35        |
|    n_updates            | 120         |
|    policy_gradient_loss | -0.0142     |
|    value_loss           | 10          |
-----------------------------------------
------------------------------------------
| adaptive/               |              |
|    adaptation_factor    | 1.55         |
|    algorithm            | PPO          |
|    base_clip_range      | 0.2          |
|    base_lr              | 0.0003       |
|    clip_range           | 0.129        |
|    drift_magnitude      | 5.52         |
|    ent_coef             | 0            |
|    learning_rate        | 0.000466     |
| env/                    |              |
|    base_value           | 1.01         |
|    masscart             | 6.56         |
| rollout/                |              |
|    ep_len_mean          | 86.7         |
|    ep_rew_mean          | 86.7         |
| time/                   |              |
|    fps                  | 981          |
|    iterations           | 14           |
|    time_elapsed         | 29           |
|    total_timesteps      | 28672        |
| train/                  |              |
|    approx_kl            | 0.0060886545 |
|    clip_fraction        | 0.0846       |
|    clip_range           | 0.109        |
|    entropy_loss         | -0.482       |
|    explained_variance   | 0.87729573   |
|    learning_rate        | 0.0003       |
|    loss                 | 6.4          |
|    n_updates            | 130          |
|    policy_gradient_loss | -0.00575     |
|    value_loss           | 18.3         |
------------------------------------------
------------------------------------------
| adaptive/               |              |
|    adaptation_factor    | 1.16         |
|    algorithm            | PPO          |
|    base_clip_range      | 0.2          |
|    base_lr              | 0.0003       |
|    clip_range           | 0.173        |
|    drift_magnitude      | 1.57         |
|    ent_coef             | 0            |
|    learning_rate        | 0.000347     |
| env/                    |              |
|    base_value           | 1.01         |
|    masscart             | 2.59         |
| rollout/                |              |
|    ep_len_mean          | 102          |
|    ep_rew_mean          | 102          |
| time/                   |              |
|    fps                  | 980          |
|    iterations           | 15           |
|    time_elapsed         | 31           |
|    total_timesteps      | 30720        |
| train/                  |              |
|    approx_kl            | 0.0056682546 |
|    clip_fraction        | 0.117        |
|    clip_range           | 0.12         |
|    entropy_loss         | -0.491       |
|    explained_variance   | 0.85777545   |
|    learning_rate        | 0.0003       |
|    loss                 | 5.76         |
|    n_updates            | 140          |
|    policy_gradient_loss | -0.00589     |
|    value_loss           | 22.5         |
------------------------------------------
------------------------------------------
| adaptive/               |              |
|    adaptation_factor    | 1.55         |
|    algorithm            | PPO          |
|    base_clip_range      | 0.2          |
|    base_lr              | 0.0003       |
|    clip_range           | 0.129        |
|    drift_magnitude      | 5.48         |
|    ent_coef             | 0            |
|    learning_rate        | 0.000464     |
| env/                    |              |
|    base_value           | 1.01         |
|    masscart             | 6.52         |
| rollout/                |              |
|    ep_len_mean          | 123          |
|    ep_rew_mean          | 123          |
| time/                   |              |
|    fps                  | 980          |
|    iterations           | 16           |
|    time_elapsed         | 33           |
|    total_timesteps      | 32768        |
| train/                  |              |
|    approx_kl            | 0.0050243996 |
|    clip_fraction        | 0.0882       |
|    clip_range           | 0.176        |
|    entropy_loss         | -0.518       |
|    explained_variance   | 0.61228323   |
|    learning_rate        | 0.0003       |
|    loss                 | 7.69         |
|    n_updates            | 150          |
|    policy_gradient_loss | -0.00302     |
|    value_loss           | 27.3         |
------------------------------------------
------------------------------------------
| adaptive/               |              |
|    adaptation_factor    | 2.02         |
|    algorithm            | PPO          |
|    base_clip_range      | 0.2          |
|    base_lr              | 0.0003       |
|    clip_range           | 0.0989       |
|    drift_magnitude      | 10.2         |
|    ent_coef             | 0            |
|    learning_rate        | 0.000607     |
| env/                    |              |
|    base_value           | 1.01         |
|    masscart             | 11.3         |
| rollout/                |              |
|    ep_len_mean          | 137          |
|    ep_rew_mean          | 137          |
| time/                   |              |
|    fps                  | 978          |
|    iterations           | 17           |
|    time_elapsed         | 35           |
|    total_timesteps      | 34816        |
| train/                  |              |
|    approx_kl            | 0.0019402254 |
|    clip_fraction        | 0.032        |
|    clip_range           | 0.119        |
|    entropy_loss         | -0.539       |
|    explained_variance   | 0.83719265   |
|    learning_rate        | 0.0003       |
|    loss                 | 10.1         |
|    n_updates            | 160          |
|    policy_gradient_loss | 0.000191     |
|    value_loss           | 17.8         |
------------------------------------------
------------------------------------------
| adaptive/               |              |
|    adaptation_factor    | 1.94         |
|    algorithm            | PPO          |
|    base_clip_range      | 0.2          |
|    base_lr              | 0.0003       |
|    clip_range           | 0.103        |
|    drift_magnitude      | 9.41         |
|    ent_coef             | 0            |
|    learning_rate        | 0.000582     |
| env/                    |              |
|    base_value           | 1.01         |
|    masscart             | 10.5         |
| rollout/                |              |
|    ep_len_mean          | 154          |
|    ep_rew_mean          | 154          |
| time/                   |              |
|    fps                  | 979          |
|    iterations           | 18           |
|    time_elapsed         | 37           |
|    total_timesteps      | 36864        |
| train/                  |              |
|    approx_kl            | 0.0023597896 |
|    clip_fraction        | 0.075        |
|    clip_range           | 0.1          |
|    entropy_loss         | -0.578       |
|    explained_variance   | 0.9559376    |
|    learning_rate        | 0.0003       |
|    loss                 | 0.598        |
|    n_updates            | 170          |
|    policy_gradient_loss | -0.0002      |
|    value_loss           | 5.02         |
------------------------------------------
------------------------------------------
| adaptive/               |              |
|    adaptation_factor    | 1.76         |
|    algorithm            | PPO          |
|    base_clip_range      | 0.2          |
|    base_lr              | 0.0003       |
|    clip_range           | 0.113        |
|    drift_magnitude      | 7.65         |
|    ent_coef             | 0            |
|    learning_rate        | 0.000529     |
| env/                    |              |
|    base_value           | 1.01         |
|    masscart             | 8.7          |
| rollout/                |              |
|    ep_len_mean          | 173          |
|    ep_rew_mean          | 173          |
| time/                   |              |
|    fps                  | 975          |
|    iterations           | 19           |
|    time_elapsed         | 39           |
|    total_timesteps      | 38912        |
| train/                  |              |
|    approx_kl            | 0.0010427264 |
|    clip_fraction        | 0.0336       |
|    clip_range           | 0.101        |
|    entropy_loss         | -0.546       |
|    explained_variance   | 0.94481933   |
|    learning_rate        | 0.0003       |
|    loss                 | 2.06         |
|    n_updates            | 180          |
|    policy_gradient_loss | -0.000985    |
|    value_loss           | 6.01         |
------------------------------------------
------------------------------------------
| adaptive/               |              |
|    adaptation_factor    | 1.31         |
|    algorithm            | PPO          |
|    base_clip_range      | 0.2          |
|    base_lr              | 0.0003       |
|    clip_range           | 0.152        |
|    drift_magnitude      | 3.12         |
|    ent_coef             | 0            |
|    learning_rate        | 0.000394     |
| env/                    |              |
|    base_value           | 1.01         |
|    masscart             | 4.14         |
| rollout/                |              |
|    ep_len_mean          | 187          |
|    ep_rew_mean          | 187          |
| time/                   |              |
|    fps                  | 972          |
|    iterations           | 20           |
|    time_elapsed         | 42           |
|    total_timesteps      | 40960        |
| train/                  |              |
|    approx_kl            | 0.0031877127 |
|    clip_fraction        | 0.106        |
|    clip_range           | 0.112        |
|    entropy_loss         | -0.575       |
|    explained_variance   | 0.95682424   |
|    learning_rate        | 0.0003       |
|    loss                 | 1.25         |
|    n_updates            | 190          |
|    policy_gradient_loss | -0.0036      |
|    value_loss           | 8.58         |
------------------------------------------
-----------------------------------------
| adaptive/               |             |
|    adaptation_factor    | 1.07        |
|    algorithm            | PPO         |
|    base_clip_range      | 0.2         |
|    base_lr              | 0.0003      |
|    clip_range           | 0.187       |
|    drift_magnitude      | 0.679       |
|    ent_coef             | 0           |
|    learning_rate        | 0.00032     |
| env/                    |             |
|    base_value           | 1.01        |
|    masscart             | 1.69        |
| rollout/                |             |
|    ep_len_mean          | 196         |
|    ep_rew_mean          | 196         |
| time/                   |             |
|    fps                  | 973         |
|    iterations           | 21          |
|    time_elapsed         | 44          |
|    total_timesteps      | 43008       |
| train/                  |             |
|    approx_kl            | 0.004615779 |
|    clip_fraction        | 0.0827      |
|    clip_range           | 0.151       |
|    entropy_loss         | -0.57       |
|    explained_variance   | 0.98234916  |
|    learning_rate        | 0.0003      |
|    loss                 | 0.9         |
|    n_updates            | 200         |
|    policy_gradient_loss | -0.00683    |
|    value_loss           | 2.91        |
-----------------------------------------
------------------------------------------
| adaptive/               |              |
|    adaptation_factor    | 1.03         |
|    algorithm            | PPO          |
|    base_clip_range      | 0.2          |
|    base_lr              | 0.0003       |
|    clip_range           | 0.195        |
|    drift_magnitude      | 0.257        |
|    ent_coef             | 0            |
|    learning_rate        | 0.000308     |
| env/                    |              |
|    base_value           | 1.01         |
|    masscart             | 0.748        |
| rollout/                |              |
|    ep_len_mean          | 191          |
|    ep_rew_mean          | 191          |
| time/                   |              |
|    fps                  | 973          |
|    iterations           | 22           |
|    time_elapsed         | 46           |
|    total_timesteps      | 45056        |
| train/                  |              |
|    approx_kl            | 0.0038929072 |
|    clip_fraction        | 0.0189       |
|    clip_range           | 0.197        |
|    entropy_loss         | -0.384       |
|    explained_variance   | 0.528116     |
|    learning_rate        | 0.0003       |
|    loss                 | 144          |
|    n_updates            | 210          |
|    policy_gradient_loss | -0.00155     |
|    value_loss           | 210          |
------------------------------------------
------------------------------------------
| adaptive/               |              |
|    adaptation_factor    | 1            |
|    algorithm            | PPO          |
|    base_clip_range      | 0.2          |
|    base_lr              | 0.0003       |
|    clip_range           | 0.2          |
|    drift_magnitude      | 0.0134       |
|    ent_coef             | 0            |
|    learning_rate        | 0.0003       |
| env/                    |              |
|    base_value           | 1.01         |
|    masscart             | 1.02         |
| rollout/                |              |
|    ep_len_mean          | 114          |
|    ep_rew_mean          | 114          |
| time/                   |              |
|    fps                  | 973          |
|    iterations           | 23           |
|    time_elapsed         | 48           |
|    total_timesteps      | 47104        |
| train/                  |              |
|    approx_kl            | 0.0011442066 |
|    clip_fraction        | 0.000977     |
|    clip_range           | 0.199        |
|    entropy_loss         | -0.295       |
|    explained_variance   | 0.5144676    |
|    learning_rate        | 0.0003       |
|    loss                 | 200          |
|    n_updates            | 220          |
|    policy_gradient_loss | -0.000501    |
|    value_loss           | 297          |
------------------------------------------
------------------------------------------
| adaptive/               |              |
|    adaptation_factor    | 1.23         |
|    algorithm            | PPO          |
|    base_clip_range      | 0.2          |
|    base_lr              | 0.0003       |
|    clip_range           | 0.163        |
|    drift_magnitude      | 2.25         |
|    ent_coef             | 0            |
|    learning_rate        | 0.000368     |
| env/                    |              |
|    base_value           | 1.01         |
|    masscart             | 3.27         |
| rollout/                |              |
|    ep_len_mean          | 63.3         |
|    ep_rew_mean          | 63.3         |
| time/                   |              |
|    fps                  | 972          |
|    iterations           | 24           |
|    time_elapsed         | 50           |
|    total_timesteps      | 49152        |
| train/                  |              |
|    approx_kl            | 0.0023696371 |
|    clip_fraction        | 0.0163       |
|    clip_range           | 0.195        |
|    entropy_loss         | -0.319       |
|    explained_variance   | 0.58028615   |
|    learning_rate        | 0.0003       |
|    loss                 | 43.2         |
|    n_updates            | 230          |
|    policy_gradient_loss | -0.00167     |
|    value_loss           | 195          |
------------------------------------------
-------------------------------------------
| adaptive/               |               |
|    adaptation_factor    | 1.47          |
|    algorithm            | PPO           |
|    base_clip_range      | 0.2           |
|    base_lr              | 0.0003        |
|    clip_range           | 0.136         |
|    drift_magnitude      | 4.69          |
|    ent_coef             | 0             |
|    learning_rate        | 0.000441      |
| env/                    |               |
|    base_value           | 1.01          |
|    masscart             | 5.73          |
| rollout/                |               |
|    ep_len_mean          | 86.1          |
|    ep_rew_mean          | 86.1          |
| time/                   |               |
|    fps                  | 972           |
|    iterations           | 25            |
|    time_elapsed         | 52            |
|    total_timesteps      | 51200         |
| train/                  |               |
|    approx_kl            | 0.00011197613 |
|    clip_fraction        | 0             |
|    clip_range           | 0.167         |
|    entropy_loss         | -0.365        |
|    explained_variance   | 0.5650836     |
|    learning_rate        | 0.0003        |
|    loss                 | 50.9          |
|    n_updates            | 240           |
|    policy_gradient_loss | 5.58e-06      |
|    value_loss           | 170           |
-------------------------------------------
------------------------------------------
| adaptive/               |              |
|    adaptation_factor    | 1.16         |
|    algorithm            | PPO          |
|    base_clip_range      | 0.2          |
|    base_lr              | 0.0003       |
|    clip_range           | 0.172        |
|    drift_magnitude      | 1.65         |
|    ent_coef             | 0            |
|    learning_rate        | 0.000349     |
| env/                    |              |
|    base_value           | 1.01         |
|    masscart             | 2.67         |
| rollout/                |              |
|    ep_len_mean          | 104          |
|    ep_rew_mean          | 104          |
| time/                   |              |
|    fps                  | 972          |
|    iterations           | 26           |
|    time_elapsed         | 54           |
|    total_timesteps      | 53248        |
| train/                  |              |
|    approx_kl            | 0.0027949784 |
|    clip_fraction        | 0.079        |
|    clip_range           | 0.136        |
|    entropy_loss         | -0.542       |
|    explained_variance   | 0.9697435    |
|    learning_rate        | 0.0003       |
|    loss                 | 0.875        |
|    n_updates            | 250          |
|    policy_gradient_loss | -0.00198     |
|    value_loss           | 4.06         |
------------------------------------------
------------------------------------------
| adaptive/               |              |
|    adaptation_factor    | 1.62         |
|    algorithm            | PPO          |
|    base_clip_range      | 0.2          |
|    base_lr              | 0.0003       |
|    clip_range           | 0.123        |
|    drift_magnitude      | 6.24         |
|    ent_coef             | 0            |
|    learning_rate        | 0.000487     |
| env/                    |              |
|    base_value           | 1.01         |
|    masscart             | 7.28         |
| rollout/                |              |
|    ep_len_mean          | 124          |
|    ep_rew_mean          | 124          |
| time/                   |              |
|    fps                  | 973          |
|    iterations           | 27           |
|    time_elapsed         | 56           |
|    total_timesteps      | 55296        |
| train/                  |              |
|    approx_kl            | 0.0042673615 |
|    clip_fraction        | 0.108        |
|    clip_range           | 0.144        |
|    entropy_loss         | -0.562       |
|    explained_variance   | 0.9716619    |
|    learning_rate        | 0.0003       |
|    loss                 | 0.684        |
|    n_updates            | 260          |
|    policy_gradient_loss | -0.00434     |
|    value_loss           | 5.02         |
------------------------------------------
-----------------------------------------
| adaptive/               |             |
|    adaptation_factor    | 1.26        |
|    algorithm            | PPO         |
|    base_clip_range      | 0.2         |
|    base_lr              | 0.0003      |
|    clip_range           | 0.159       |
|    drift_magnitude      | 2.57        |
|    ent_coef             | 0           |
|    learning_rate        | 0.000377    |
| env/                    |             |
|    base_value           | 1.01        |
|    masscart             | 3.59        |
| rollout/                |             |
|    ep_len_mean          | 139         |
|    ep_rew_mean          | 139         |
| time/                   |             |
|    fps                  | 972         |
|    iterations           | 28          |
|    time_elapsed         | 58          |
|    total_timesteps      | 57344       |
| train/                  |             |
|    approx_kl            | 0.003913506 |
|    clip_fraction        | 0.0967      |
|    clip_range           | 0.138       |
|    entropy_loss         | -0.581      |
|    explained_variance   | 0.9748402   |
|    learning_rate        | 0.0003      |
|    loss                 | 0.427       |
|    n_updates            | 270         |
|    policy_gradient_loss | -0.00881    |
|    value_loss           | 1.85        |
-----------------------------------------
------------------------------------------
| adaptive/               |              |
|    adaptation_factor    | 1.03         |
|    algorithm            | PPO          |
|    base_clip_range      | 0.2          |
|    base_lr              | 0.0003       |
|    clip_range           | 0.195        |
|    drift_magnitude      | 0.276        |
|    ent_coef             | 0            |
|    learning_rate        | 0.000308     |
| env/                    |              |
|    base_value           | 1.01         |
|    masscart             | 0.729        |
| rollout/                |              |
|    ep_len_mean          | 151          |
|    ep_rew_mean          | 151          |
| time/                   |              |
|    fps                  | 972          |
|    iterations           | 29           |
|    time_elapsed         | 61           |
|    total_timesteps      | 59392        |
| train/                  |              |
|    approx_kl            | 0.0026813273 |
|    clip_fraction        | 0.043        |
|    clip_range           | 0.166        |
|    entropy_loss         | -0.556       |
|    explained_variance   | 0.97365344   |
|    learning_rate        | 0.0003       |
|    loss                 | 0.108        |
|    n_updates            | 280          |
|    policy_gradient_loss | -0.00133     |
|    value_loss           | 2.04         |
------------------------------------------
-------------------------------------------
| adaptive/               |               |
|    adaptation_factor    | 1.01          |
|    algorithm            | PPO           |
|    base_clip_range      | 0.2           |
|    base_lr              | 0.0003        |
|    clip_range           | 0.197         |
|    drift_magnitude      | 0.128         |
|    ent_coef             | 0             |
|    learning_rate        | 0.000304      |
| env/                    |               |
|    base_value           | 1.01          |
|    masscart             | 0.877         |
| rollout/                |               |
|    ep_len_mean          | 130           |
|    ep_rew_mean          | 130           |
| time/                   |               |
|    fps                  | 970           |
|    iterations           | 30            |
|    time_elapsed         | 63            |
|    total_timesteps      | 61440         |
| train/                  |               |
|    approx_kl            | 0.00050979044 |
|    clip_fraction        | 0             |
|    clip_range           | 0.182         |
|    entropy_loss         | -0.318        |
|    explained_variance   | 0.49062294    |
|    learning_rate        | 0.0003        |
|    loss                 | 76            |
|    n_updates            | 290           |
|    policy_gradient_loss | -0.000403     |
|    value_loss           | 272           |
-------------------------------------------
-------------------------------------------
| adaptive/               |               |
|    adaptation_factor    | 1.03          |
|    algorithm            | PPO           |
|    base_clip_range      | 0.2           |
|    base_lr              | 0.0003        |
|    clip_range           | 0.194         |
|    drift_magnitude      | 0.318         |
|    ent_coef             | 0             |
|    learning_rate        | 0.00031       |
| env/                    |               |
|    base_value           | 1.01          |
|    masscart             | 0.687         |
| rollout/                |               |
|    ep_len_mean          | 85.6          |
|    ep_rew_mean          | 85.6          |
| time/                   |               |
|    fps                  | 970           |
|    iterations           | 31            |
|    time_elapsed         | 65            |
|    total_timesteps      | 63488         |
| train/                  |               |
|    approx_kl            | 2.7935632e-05 |
|    clip_fraction        | 0             |
|    clip_range           | 0.191         |
|    entropy_loss         | -0.248        |
|    explained_variance   | 0.44533902    |
|    learning_rate        | 0.0003        |
|    loss                 | 233           |
|    n_updates            | 300           |
|    policy_gradient_loss | -4.42e-05     |
|    value_loss           | 430           |
-------------------------------------------
------------------------------------------
| adaptive/               |              |
|    adaptation_factor    | 1.07         |
|    algorithm            | PPO          |
|    base_clip_range      | 0.2          |
|    base_lr              | 0.0003       |
|    clip_range           | 0.187        |
|    drift_magnitude      | 0.713        |
|    ent_coef             | 0            |
|    learning_rate        | 0.000321     |
| env/                    |              |
|    base_value           | 1.01         |
|    masscart             | 0.288        |
| rollout/                |              |
|    ep_len_mean          | 60.9         |
|    ep_rew_mean          | 60.9         |
| time/                   |              |
|    fps                  | 969          |
|    iterations           | 32           |
|    time_elapsed         | 67           |
|    total_timesteps      | 65536        |
| train/                  |              |
|    approx_kl            | 0.0016213828 |
|    clip_fraction        | 0            |
|    clip_range           | 0.191        |
|    entropy_loss         | -0.401       |
|    explained_variance   | 0.6137079    |
|    learning_rate        | 0.0003       |
|    loss                 | 17.5         |
|    n_updates            | 310          |
|    policy_gradient_loss | -0.000529    |
|    value_loss           | 100          |
------------------------------------------
-------------------------------------------
| adaptive/               |               |
|    adaptation_factor    | 1.03          |
|    algorithm            | PPO           |
|    base_clip_range      | 0.2           |
|    base_lr              | 0.0003        |
|    clip_range           | 0.193         |
|    drift_magnitude      | 0.343         |
|    ent_coef             | 0             |
|    learning_rate        | 0.00031       |
| env/                    |               |
|    base_value           | 1.01          |
|    masscart             | 0.661         |
| rollout/                |               |
|    ep_len_mean          | 81.6          |
|    ep_rew_mean          | 81.6          |
| time/                   |               |
|    fps                  | 969           |
|    iterations           | 33            |
|    time_elapsed         | 69            |
|    total_timesteps      | 67584         |
| train/                  |               |
|    approx_kl            | 0.00014798972 |
|    clip_fraction        | 0             |
|    clip_range           | 0.188         |
|    entropy_loss         | -0.329        |
|    explained_variance   | 0.49359328    |
|    learning_rate        | 0.0003        |
|    loss                 | 54.3          |
|    n_updates            | 320           |
|    policy_gradient_loss | -0.000123     |
|    value_loss           | 217           |
-------------------------------------------
-----------------------------------------
| adaptive/               |             |
|    adaptation_factor    | 1.01        |
|    algorithm            | PPO         |
|    base_clip_range      | 0.2         |
|    base_lr              | 0.0003      |
|    clip_range           | 0.197       |
|    drift_magnitude      | 0.145       |
|    ent_coef             | 0           |
|    learning_rate        | 0.000304    |
| env/                    |             |
|    base_value           | 1.01        |
|    masscart             | 0.86        |
| rollout/                |             |
|    ep_len_mean          | 52.8        |
|    ep_rew_mean          | 52.8        |
| time/                   |             |
|    fps                  | 968         |
|    iterations           | 34          |
|    time_elapsed         | 71          |
|    total_timesteps      | 69632       |
| train/                  |             |
|    approx_kl            | 0.003520024 |
|    clip_fraction        | 0.0352      |
|    clip_range           | 0.186       |
|    entropy_loss         | -0.434      |
|    explained_variance   | 0.71791345  |
|    learning_rate        | 0.0003      |
|    loss                 | 0.825       |
|    n_updates            | 330         |
|    policy_gradient_loss | -0.00214    |
|    value_loss           | 21.2        |
-----------------------------------------
-------------------------------------------
| adaptive/               |               |
|    adaptation_factor    | 1.03          |
|    algorithm            | PPO           |
|    base_clip_range      | 0.2           |
|    base_lr              | 0.0003        |
|    clip_range           | 0.195         |
|    drift_magnitude      | 0.263         |
|    ent_coef             | 0             |
|    learning_rate        | 0.000308      |
| env/                    |               |
|    base_value           | 1.01          |
|    masscart             | 0.741         |
| rollout/                |               |
|    ep_len_mean          | 31.9          |
|    ep_rew_mean          | 31.9          |
| time/                   |               |
|    fps                  | 968           |
|    iterations           | 35            |
|    time_elapsed         | 73            |
|    total_timesteps      | 71680         |
| train/                  |               |
|    approx_kl            | 0.00025638242 |
|    clip_fraction        | 0             |
|    clip_range           | 0.192         |
|    entropy_loss         | -0.232        |
|    explained_variance   | 0.5091668     |
|    learning_rate        | 0.0003        |
|    loss                 | 204           |
|    n_updates            | 340           |
|    policy_gradient_loss | -0.000333     |
|    value_loss           | 418           |
-------------------------------------------
-------------------------------------------
| adaptive/               |               |
|    adaptation_factor    | 1.18          |
|    algorithm            | PPO           |
|    base_clip_range      | 0.2           |
|    base_lr              | 0.0003        |
|    clip_range           | 0.169         |
|    drift_magnitude      | 1.83          |
|    ent_coef             | 0             |
|    learning_rate        | 0.000355      |
| env/                    |               |
|    base_value           | 1.01          |
|    masscart             | 2.85          |
| rollout/                |               |
|    ep_len_mean          | 48.4          |
|    ep_rew_mean          | 48.4          |
| time/                   |               |
|    fps                  | 968           |
|    iterations           | 36            |
|    time_elapsed         | 76            |
|    total_timesteps      | 73728         |
| train/                  |               |
|    approx_kl            | 0.00097093504 |
|    clip_fraction        | 0.000879      |
|    clip_range           | 0.191         |
|    entropy_loss         | -0.312        |
|    explained_variance   | 0.6497303     |
|    learning_rate        | 0.0003        |
|    loss                 | 141           |
|    n_updates            | 350           |
|    policy_gradient_loss | -0.000163     |
|    value_loss           | 238           |
-------------------------------------------
------------------------------------------
| adaptive/               |              |
|    adaptation_factor    | 1.38         |
|    algorithm            | PPO          |
|    base_clip_range      | 0.2          |
|    base_lr              | 0.0003       |
|    clip_range           | 0.144        |
|    drift_magnitude      | 3.85         |
|    ent_coef             | 0            |
|    learning_rate        | 0.000415     |
| env/                    |              |
|    base_value           | 1.01         |
|    masscart             | 4.88         |
| rollout/                |              |
|    ep_len_mean          | 68.3         |
|    ep_rew_mean          | 68.3         |
| time/                   |              |
|    fps                  | 966          |
|    iterations           | 37           |
|    time_elapsed         | 78           |
|    total_timesteps      | 75776        |
| train/                  |              |
|    approx_kl            | 0.0011882714 |
|    clip_fraction        | 0.00269      |
|    clip_range           | 0.172        |
|    entropy_loss         | -0.351       |
|    explained_variance   | 0.63009053   |
|    learning_rate        | 0.0003       |
|    loss                 | 70.3         |
|    n_updates            | 360          |
|    policy_gradient_loss | -0.000591    |
|    value_loss           | 158          |
------------------------------------------
-----------------------------------------
| adaptive/               |             |
|    adaptation_factor    | 1.06        |
|    algorithm            | PPO         |
|    base_clip_range      | 0.2         |
|    base_lr              | 0.0003      |
|    clip_range           | 0.189       |
|    drift_magnitude      | 0.606       |
|    ent_coef             | 0           |
|    learning_rate        | 0.000318    |
| env/                    |             |
|    base_value           | 1.01        |
|    masscart             | 1.62        |
| rollout/                |             |
|    ep_len_mean          | 87.6        |
|    ep_rew_mean          | 87.6        |
| time/                   |             |
|    fps                  | 966         |
|    iterations           | 38          |
|    time_elapsed         | 80          |
|    total_timesteps      | 77824       |
| train/                  |             |
|    approx_kl            | 0.004430933 |
|    clip_fraction        | 0.0861      |
|    clip_range           | 0.15        |
|    entropy_loss         | -0.528      |
|    explained_variance   | 0.73537606  |
|    learning_rate        | 0.0003      |
|    loss                 | 0.404       |
|    n_updates            | 370         |
|    policy_gradient_loss | -0.00324    |
|    value_loss           | 3.82        |
-----------------------------------------
----------------------------------------
| adaptive/               |            |
|    adaptation_factor    | 1.03       |
|    algorithm            | PPO        |
|    base_clip_range      | 0.2        |
|    base_lr              | 0.0003     |
|    clip_range           | 0.194      |
|    drift_magnitude      | 0.332      |
|    ent_coef             | 0          |
|    learning_rate        | 0.00031    |
| env/                    |            |
|    base_value           | 1.01       |
|    masscart             | 1.34       |
| rollout/                |            |
|    ep_len_mean          | 106        |
|    ep_rew_mean          | 106        |
| time/                   |            |
|    fps                  | 965        |
|    iterations           | 39         |
|    time_elapsed         | 82         |
|    total_timesteps      | 79872      |
| train/                  |            |
|    approx_kl            | 0.00333203 |
|    clip_fraction        | 0.0809     |
|    clip_range           | 0.183      |
|    entropy_loss         | -0.492     |
|    explained_variance   | 0.48237354 |
|    learning_rate        | 0.0003     |
|    loss                 | 10.7       |
|    n_updates            | 380        |
|    policy_gradient_loss | -0.00199   |
|    value_loss           | 4.44       |
----------------------------------------
------------------------------------------
| adaptive/               |              |
|    adaptation_factor    | 1.03         |
|    algorithm            | PPO          |
|    base_clip_range      | 0.2          |
|    base_lr              | 0.0003       |
|    clip_range           | 0.194        |
|    drift_magnitude      | 0.31         |
|    ent_coef             | 0            |
|    learning_rate        | 0.000309     |
| env/                    |              |
|    base_value           | 1.01         |
|    masscart             | 0.694        |
| rollout/                |              |
|    ep_len_mean          | 116          |
|    ep_rew_mean          | 116          |
| time/                   |              |
|    fps                  | 966          |
|    iterations           | 40           |
|    time_elapsed         | 84           |
|    total_timesteps      | 81920        |
| train/                  |              |
|    approx_kl            | 0.0027055498 |
|    clip_fraction        | 0.0205       |
|    clip_range           | 0.197        |
|    entropy_loss         | -0.467       |
|    explained_variance   | 0.6477936    |
|    learning_rate        | 0.0003       |
|    loss                 | 0.203        |
|    n_updates            | 390          |
|    policy_gradient_loss | -0.000819    |
|    value_loss           | 1.07         |
------------------------------------------
-------------------------------------------
| adaptive/               |               |
|    adaptation_factor    | 1.12          |
|    algorithm            | PPO           |
|    base_clip_range      | 0.2           |
|    base_lr              | 0.0003        |
|    clip_range           | 0.179         |
|    drift_magnitude      | 1.18          |
|    ent_coef             | 0             |
|    learning_rate        | 0.000335      |
| env/                    |               |
|    base_value           | 1.01          |
|    masscart             | 2.19          |
| rollout/                |               |
|    ep_len_mean          | 130           |
|    ep_rew_mean          | 130           |
| time/                   |               |
|    fps                  | 967           |
|    iterations           | 41            |
|    time_elapsed         | 86            |
|    total_timesteps      | 83968         |
| train/                  |               |
|    approx_kl            | 0.00034800975 |
|    clip_fraction        | 0             |
|    clip_range           | 0.196         |
|    entropy_loss         | -0.267        |
|    explained_variance   | 0.48276782    |
|    learning_rate        | 0.0003        |
|    loss                 | 220           |
|    n_updates            | 400           |
|    policy_gradient_loss | -0.000118     |
|    value_loss           | 391           |
-------------------------------------------
------------------------------------------
| adaptive/               |              |
|    adaptation_factor    | 1.19         |
|    algorithm            | PPO          |
|    base_clip_range      | 0.2          |
|    base_lr              | 0.0003       |
|    clip_range           | 0.168        |
|    drift_magnitude      | 1.89         |
|    ent_coef             | 0            |
|    learning_rate        | 0.000357     |
| env/                    |              |
|    base_value           | 1.01         |
|    masscart             | 2.91         |
| rollout/                |              |
|    ep_len_mean          | 141          |
|    ep_rew_mean          | 141          |
| time/                   |              |
|    fps                  | 966          |
|    iterations           | 42           |
|    time_elapsed         | 88           |
|    total_timesteps      | 86016        |
| train/                  |              |
|    approx_kl            | 0.0016122997 |
|    clip_fraction        | 9.77e-05     |
|    clip_range           | 0.198        |
|    entropy_loss         | -0.32        |
|    explained_variance   | 0.48788822   |
|    learning_rate        | 0.0003       |
|    loss                 | 98.9         |
|    n_updates            | 410          |
|    policy_gradient_loss | -0.000887    |
|    value_loss           | 139          |
------------------------------------------
------------------------------------------
| adaptive/               |              |
|    adaptation_factor    | 1.03         |
|    algorithm            | PPO          |
|    base_clip_range      | 0.2          |
|    base_lr              | 0.0003       |
|    clip_range           | 0.194        |
|    drift_magnitude      | 0.286        |
|    ent_coef             | 0            |
|    learning_rate        | 0.000309     |
| env/                    |              |
|    base_value           | 1.01         |
|    masscart             | 1.29         |
| rollout/                |              |
|    ep_len_mean          | 150          |
|    ep_rew_mean          | 150          |
| time/                   |              |
|    fps                  | 966          |
|    iterations           | 43           |
|    time_elapsed         | 91           |
|    total_timesteps      | 88064        |
| train/                  |              |
|    approx_kl            | 0.0029052272 |
|    clip_fraction        | 0.0419       |
|    clip_range           | 0.168        |
|    entropy_loss         | -0.463       |
|    explained_variance   | 0.4891904    |
|    learning_rate        | 0.0003       |
|    loss                 | 0.31         |
|    n_updates            | 420          |
|    policy_gradient_loss | -0.00101     |
|    value_loss           | 29           |
------------------------------------------
-------------------------------------------
| adaptive/               |               |
|    adaptation_factor    | 1.05          |
|    algorithm            | PPO           |
|    base_clip_range      | 0.2           |
|    base_lr              | 0.0003        |
|    clip_range           | 0.19          |
|    drift_magnitude      | 0.51          |
|    ent_coef             | 0             |
|    learning_rate        | 0.000315      |
| env/                    |               |
|    base_value           | 1.01          |
|    masscart             | 1.52          |
| rollout/                |               |
|    ep_len_mean          | 88.5          |
|    ep_rew_mean          | 88.5          |
| time/                   |               |
|    fps                  | 965           |
|    iterations           | 44            |
|    time_elapsed         | 93            |
|    total_timesteps      | 90112         |
| train/                  |               |
|    approx_kl            | 0.00018154422 |
|    clip_fraction        | 0             |
|    clip_range           | 0.185         |
|    entropy_loss         | -0.491        |
|    explained_variance   | 0.5613828     |
|    learning_rate        | 0.0003        |
|    loss                 | 11.4          |
|    n_updates            | 430           |
|    policy_gradient_loss | 0.000167      |
|    value_loss           | 82            |
-------------------------------------------
-------------------------------------------
| adaptive/               |               |
|    adaptation_factor    | 1.23          |
|    algorithm            | PPO           |
|    base_clip_range      | 0.2           |
|    base_lr              | 0.0003        |
|    clip_range           | 0.163         |
|    drift_magnitude      | 2.29          |
|    ent_coef             | 0             |
|    learning_rate        | 0.000369      |
| env/                    |               |
|    base_value           | 1.01          |
|    masscart             | 3.31          |
| rollout/                |               |
|    ep_len_mean          | 107           |
|    ep_rew_mean          | 107           |
| time/                   |               |
|    fps                  | 965           |
|    iterations           | 45            |
|    time_elapsed         | 95            |
|    total_timesteps      | 92160         |
| train/                  |               |
|    approx_kl            | 4.6220128e-05 |
|    clip_fraction        | 0             |
|    clip_range           | 0.186         |
|    entropy_loss         | -0.223        |
|    explained_variance   | 0.47215712    |
|    learning_rate        | 0.0003        |
|    loss                 | 327           |
|    n_updates            | 440           |
|    policy_gradient_loss | -4.77e-05     |
|    value_loss           | 474           |
-------------------------------------------
------------------------------------------
| adaptive/               |              |
|    adaptation_factor    | 1.95         |
|    algorithm            | PPO          |
|    base_clip_range      | 0.2          |
|    base_lr              | 0.0003       |
|    clip_range           | 0.102        |
|    drift_magnitude      | 9.53         |
|    ent_coef             | 0            |
|    learning_rate        | 0.000586     |
| env/                    |              |
|    base_value           | 1.01         |
|    masscart             | 10.6         |
| rollout/                |              |
|    ep_len_mean          | 113          |
|    ep_rew_mean          | 113          |
| time/                   |              |
|    fps                  | 966          |
|    iterations           | 46           |
|    time_elapsed         | 97           |
|    total_timesteps      | 94208        |
| train/                  |              |
|    approx_kl            | 0.0033636822 |
|    clip_fraction        | 0.0519       |
|    clip_range           | 0.162        |
|    entropy_loss         | -0.384       |
|    explained_variance   | -0.72488594  |
|    learning_rate        | 0.0003       |
|    loss                 | 1.85         |
|    n_updates            | 450          |
|    policy_gradient_loss | -0.00146     |
|    value_loss           | 17.4         |
------------------------------------------
------------------------------------------
| adaptive/               |              |
|    adaptation_factor    | 2.65         |
|    algorithm            | PPO          |
|    base_clip_range      | 0.2          |
|    base_lr              | 0.0003       |
|    clip_range           | 0.0756       |
|    drift_magnitude      | 16.5         |
|    ent_coef             | 0            |
|    learning_rate        | 0.000794     |
| env/                    |              |
|    base_value           | 1.01         |
|    masscart             | 17.6         |
| rollout/                |              |
|    ep_len_mean          | 83.7         |
|    ep_rew_mean          | 83.7         |
| time/                   |              |
|    fps                  | 964          |
|    iterations           | 47           |
|    time_elapsed         | 99           |
|    total_timesteps      | 96256        |
| train/                  |              |
|    approx_kl            | 0.0009558736 |
|    clip_fraction        | 0.0317       |
|    clip_range           | 0.1          |
|    entropy_loss         | -0.507       |
|    explained_variance   | 0.45394897   |
|    learning_rate        | 0.0003       |
|    loss                 | 1.13         |
|    n_updates            | 460          |
|    policy_gradient_loss | -0.000516    |
|    value_loss           | 24.4         |
------------------------------------------
-------------------------------------------
| adaptive/               |               |
|    adaptation_factor    | 2.34          |
|    algorithm            | PPO           |
|    base_clip_range      | 0.2           |
|    base_lr              | 0.0003        |
|    clip_range           | 0.0855        |
|    drift_magnitude      | 13.4          |
|    ent_coef             | 0             |
|    learning_rate        | 0.000702      |
| env/                    |               |
|    base_value           | 1.01          |
|    masscart             | 14.5          |
| rollout/                |               |
|    ep_len_mean          | 97.8          |
|    ep_rew_mean          | 97.8          |
| time/                   |               |
|    fps                  | 963           |
|    iterations           | 48            |
|    time_elapsed         | 102           |
|    total_timesteps      | 98304         |
| train/                  |               |
|    approx_kl            | 0.00024664737 |
|    clip_fraction        | 0.00962       |
|    clip_range           | 0.074         |
|    entropy_loss         | -0.27         |
|    explained_variance   | 0.69064325    |
|    learning_rate        | 0.0003        |
|    loss                 | 6.85          |
|    n_updates            | 470           |
|    policy_gradient_loss | -0.000342     |
|    value_loss           | 65.7          |
-------------------------------------------
------------------------------------------
| adaptive/               |              |
|    adaptation_factor    | 2.69         |
|    algorithm            | PPO          |
|    base_clip_range      | 0.2          |
|    base_lr              | 0.0003       |
|    clip_range           | 0.0743       |
|    drift_magnitude      | 16.9         |
|    ent_coef             | 0            |
|    learning_rate        | 0.000807     |
| env/                    |              |
|    base_value           | 1.01         |
|    masscart             | 18           |
| rollout/                |              |
|    ep_len_mean          | 109          |
|    ep_rew_mean          | 109          |
| time/                   |              |
|    fps                  | 964          |
|    iterations           | 49           |
|    time_elapsed         | 104          |
|    total_timesteps      | 100352       |
| train/                  |              |
|    approx_kl            | 0.0005371183 |
|    clip_fraction        | 0.0275       |
|    clip_range           | 0.0861       |
|    entropy_loss         | -0.265       |
|    explained_variance   | 0.90077204   |
|    learning_rate        | 0.0003       |
|    loss                 | 8.19         |
|    n_updates            | 480          |
|    policy_gradient_loss | -0.0025      |
|    value_loss           | 40.1         |
------------------------------------------
wandb: WARNING Symlinked 1 file into the W&B run directory; call wandb.save again to sync new files.
wandb: updating run metadata
wandb: uploading output.log; uploading wandb-summary.json; uploading model.zip
wandb: uploading model.zip; uploading logs/CartPole_masscart_random_walk_Adaptive_20251216_224147_0/events.out.tfevents.1765900258.hungchan-Precision-7560.1160385.0
wandb: uploading history steps 978-1019, summary, console lines 1621-1625
wandb: 
wandb: Run history:
wandb: adaptive/adaptation_factor â–‚â–‚â–â–ƒâ–„â–ƒâ–‡â–†â–ˆâ–†â–ƒâ–‚â–ƒâ–…â–„â–‚â–â–â–â–‚â–‚â–ƒâ–‚â–â–â–â–â–â–â–‚â–â–â–â–â–‚â–â–‚â–„â–‡â–‡
wandb:   adaptive/base_clip_range â–â–â–â–â–â–â–â–â–â–â–â–â–â–â–â–â–â–â–â–â–â–â–â–â–â–â–â–â–â–â–â–â–â–â–â–â–â–â–â–
wandb:           adaptive/base_lr â–â–â–â–â–â–â–â–â–â–â–â–â–â–â–â–â–â–â–â–â–â–â–â–â–â–â–â–â–â–â–â–â–â–â–â–â–â–â–â–
wandb:        adaptive/clip_range â–…â–†â–‡â–„â–„â–„â–‚â–‚â–â–‚â–„â–„â–‡â–„â–ƒâ–ƒâ–…â–‡â–ˆâ–ˆâ–…â–‡â–„â–†â–ˆâ–ˆâ–‡â–ˆâ–ˆâ–ˆâ–…â–‡â–ˆâ–ˆâ–‡â–ˆâ–†â–ƒâ–â–
wandb:   adaptive/drift_magnitude â–‚â–‚â–â–ƒâ–„â–ƒâ–‡â–†â–ˆâ–†â–„â–ƒâ–‚â–ƒâ–…â–„â–‚â–â–â–â–ƒâ–‚â–ƒâ–‚â–â–â–â–â–â–‚â–â–â–â–â–‚â–â–‚â–„â–‡â–‡
wandb:          adaptive/ent_coef â–â–â–â–â–â–â–â–â–â–â–â–â–â–â–â–â–â–â–â–â–â–â–â–â–â–â–â–â–â–â–â–â–â–â–â–â–â–â–â–
wandb:     adaptive/learning_rate â–‚â–‚â–â–ƒâ–„â–ƒâ–‡â–†â–ˆâ–†â–„â–ƒâ–‚â–ƒâ–…â–„â–‚â–â–â–â–‚â–ƒâ–‚â–â–â–â–â–â–â–‚â–â–â–â–â–‚â–â–‚â–„â–‡â–‡
wandb:             env/base_value â–â–â–â–â–â–â–â–â–â–â–â–â–â–â–â–â–â–â–â–â–â–â–â–â–â–â–â–â–â–â–â–â–â–â–â–â–â–â–â–
wandb:               env/masscart â–‚â–‚â–‚â–ƒâ–„â–ƒâ–‡â–‡â–ˆâ–†â–„â–ƒâ–‚â–ƒâ–…â–„â–‚â–â–â–â–ƒâ–‚â–ƒâ–‚â–â–â–â–â–â–â–ƒâ–â–â–‚â–‚â–â–‚â–…â–‡â–‡
wandb:                global_step â–â–â–â–â–‚â–‚â–‚â–‚â–‚â–‚â–‚â–‚â–ƒâ–ƒâ–ƒâ–„â–„â–„â–„â–„â–„â–„â–…â–…â–†â–†â–†â–†â–†â–†â–‡â–‡â–‡â–‡â–‡â–ˆâ–ˆâ–ˆâ–ˆâ–ˆ
wandb:                        +12 ...
wandb: 
wandb: Run summary:
wandb: adaptive/adaptation_factor 2.69003
wandb:   adaptive/base_clip_range 0.2
wandb:           adaptive/base_lr 0.0003
wandb:        adaptive/clip_range 0.07435
wandb:   adaptive/drift_magnitude 16.90029
wandb:          adaptive/ent_coef 0
wandb:     adaptive/learning_rate 0.00081
wandb:             env/base_value 1.0062
wandb:               env/masscart 18.01131
wandb:                global_step 100352
wandb:                        +12 ...
wandb: 
wandb: ðŸš€ View run CartPole_masscart_random_walk_Adaptive_20251216_224147 at: https://wandb.ai/hungtrab-hanoi-university-of-science-and-technology/CartPole_Drift_Research/runs/4goaez31
wandb: â­ï¸ View project at: https://wandb.ai/hungtrab-hanoi-university-of-science-and-technology/CartPole_Drift_Research
wandb: Synced 6 W&B file(s), 0 media file(s), 0 artifact file(s) and 2 other file(s)
wandb: Find logs at: logs/CartPole_masscart_random_walk_Adaptive_20251216_224147/wandb/run-20251216_225056-4goaez31/logs
>>> [DriftAdaptiveCallback] Training Ended
    Final LR: 0.000828
    Last Drift Magnitude: 17.5898
    Final Clip Range: 0.0725
Model saved locally to: models/CartPole_masscart_random_walk_Adaptive_20251216_224147.zip
