wandb: Currently logged in as: hungtrab (hungtrab-hanoi-university-of-science-and-technology) to https://api.wandb.ai. Use `wandb login --relogin` to force relogin
wandb: setting up run 48qvqe3n
wandb: Tracking run with wandb version 0.23.1
wandb: Run data is saved locally in logs/CartPole_gravity_jump_Baseline_20251217_132416/wandb/run-20251217_132419-48qvqe3n
wandb: Run `wandb offline` to turn off syncing.
wandb: Syncing run CartPole_gravity_jump_Baseline_20251217_132416
wandb: â­ï¸ View project at https://wandb.ai/hungtrab-hanoi-university-of-science-and-technology/MountainCar_Drift_Research_TRPO
wandb: ðŸš€ View run at https://wandb.ai/hungtrab-hanoi-university-of-science-and-technology/MountainCar_Drift_Research_TRPO/runs/48qvqe3n
/home/hungchan/miniconda3/envs/rl_hf_course/lib/python3.10/site-packages/stable_baselines3/common/on_policy_algorithm.py:150: UserWarning: You are trying to run TRPO on the GPU, but it is primarily intended to run on the CPU when not using a CNN policy (you are using ActorCriticPolicy which should be a MlpPolicy). See https://github.com/DLR-RM/stable-baselines3/issues/1245 for more info. You can pass `device='cpu'` or `export CUDA_VISIBLE_DEVICES=` to force using the CPU.Note: The model will train, but the GPU utilization will be poor and the training might take longer than on CPU.
  warnings.warn(
--- Training Start: CartPole_gravity_jump_Baseline_20251217_132416 ---
>>> [Wrapper] Initialized Non-Stationary MountainCar
    - gravity: jump (magnitude=10.0)
>>> Initializing TRPO with kwargs: ['policy', 'env', 'learning_rate', 'gamma', 'verbose', 'tensorboard_log', 'n_steps', 'batch_size']
Using cuda device
Wrapping the env in a DummyVecEnv.
Logging to logs/CartPole_gravity_jump_Baseline_20251217_132416_0
---------------------------------
| rollout/           |          |
|    ep_len_mean     | 200      |
|    ep_rew_mean     | -200     |
| time/              |          |
|    fps             | 1333     |
|    iterations      | 1        |
|    time_elapsed    | 1        |
|    total_timesteps | 2048     |
---------------------------------
----------------------------------------
| rollout/                  |          |
|    ep_len_mean            | 200      |
|    ep_rew_mean            | -200     |
| time/                     |          |
|    fps                    | 1303     |
|    iterations             | 2        |
|    time_elapsed           | 3        |
|    total_timesteps        | 4096     |
| train/                    |          |
|    explained_variance     | 4.07e-05 |
|    is_line_search_success | 1        |
|    kl_divergence_loss     | 0.00597  |
|    learning_rate          | 0.0003   |
|    n_updates              | 1        |
|    policy_objective       | 0.00251  |
|    value_loss             | 127      |
----------------------------------------
----------------------------------------
| rollout/                  |          |
|    ep_len_mean            | 200      |
|    ep_rew_mean            | -200     |
| time/                     |          |
|    fps                    | 1312     |
|    iterations             | 3        |
|    time_elapsed           | 4        |
|    total_timesteps        | 6144     |
| train/                    |          |
|    explained_variance     | -0.012   |
|    is_line_search_success | 1        |
|    kl_divergence_loss     | 0.00902  |
|    learning_rate          | 0.0003   |
|    n_updates              | 2        |
|    policy_objective       | 0.00343  |
|    value_loss             | 76.3     |
----------------------------------------
-----------------------------------------
| rollout/                  |           |
|    ep_len_mean            | 200       |
|    ep_rew_mean            | -200      |
| time/                     |           |
|    fps                    | 1300      |
|    iterations             | 4         |
|    time_elapsed           | 6         |
|    total_timesteps        | 8192      |
| train/                    |           |
|    explained_variance     | -0.000966 |
|    is_line_search_success | 1         |
|    kl_divergence_loss     | 0.00843   |
|    learning_rate          | 0.0003    |
|    n_updates              | 3         |
|    policy_objective       | 0.00041   |
|    value_loss             | 76.7      |
-----------------------------------------
----------------------------------------
| rollout/                  |          |
|    ep_len_mean            | 200      |
|    ep_rew_mean            | -200     |
| time/                     |          |
|    fps                    | 1296     |
|    iterations             | 5        |
|    time_elapsed           | 7        |
|    total_timesteps        | 10240    |
| train/                    |          |
|    explained_variance     | -0.00503 |
|    is_line_search_success | 1        |
|    kl_divergence_loss     | 0.00911  |
|    learning_rate          | 0.0003   |
|    n_updates              | 4        |
|    policy_objective       | 0.00654  |
|    value_loss             | 66.1     |
----------------------------------------
----------------------------------------
| rollout/                  |          |
|    ep_len_mean            | 200      |
|    ep_rew_mean            | -200     |
| time/                     |          |
|    fps                    | 1305     |
|    iterations             | 6        |
|    time_elapsed           | 9        |
|    total_timesteps        | 12288    |
| train/                    |          |
|    explained_variance     | 0.00206  |
|    is_line_search_success | 1        |
|    kl_divergence_loss     | 0.00831  |
|    learning_rate          | 0.0003   |
|    n_updates              | 5        |
|    policy_objective       | 0.00196  |
|    value_loss             | 55       |
----------------------------------------
----------------------------------------
| rollout/                  |          |
|    ep_len_mean            | 200      |
|    ep_rew_mean            | -200     |
| time/                     |          |
|    fps                    | 1291     |
|    iterations             | 7        |
|    time_elapsed           | 11       |
|    total_timesteps        | 14336    |
| train/                    |          |
|    explained_variance     | 0.00297  |
|    is_line_search_success | 1        |
|    kl_divergence_loss     | 0.00841  |
|    learning_rate          | 0.0003   |
|    n_updates              | 6        |
|    policy_objective       | 0.00447  |
|    value_loss             | 45.1     |
----------------------------------------
----------------------------------------
| rollout/                  |          |
|    ep_len_mean            | 200      |
|    ep_rew_mean            | -200     |
| time/                     |          |
|    fps                    | 1282     |
|    iterations             | 8        |
|    time_elapsed           | 12       |
|    total_timesteps        | 16384    |
| train/                    |          |
|    explained_variance     | -0.00219 |
|    is_line_search_success | 1        |
|    kl_divergence_loss     | 0.00794  |
|    learning_rate          | 0.0003   |
|    n_updates              | 7        |
|    policy_objective       | 0.00467  |
|    value_loss             | 36.4     |
----------------------------------------
-----------------------------------------
| rollout/                  |           |
|    ep_len_mean            | 200       |
|    ep_rew_mean            | -200      |
| time/                     |           |
|    fps                    | 1275      |
|    iterations             | 9         |
|    time_elapsed           | 14        |
|    total_timesteps        | 18432     |
| train/                    |           |
|    explained_variance     | -0.000679 |
|    is_line_search_success | 1         |
|    kl_divergence_loss     | 0.00757   |
|    learning_rate          | 0.0003    |
|    n_updates              | 8         |
|    policy_objective       | 0.00201   |
|    value_loss             | 29        |
-----------------------------------------
----------------------------------------
| rollout/                  |          |
|    ep_len_mean            | 200      |
|    ep_rew_mean            | -200     |
| time/                     |          |
|    fps                    | 1276     |
|    iterations             | 10       |
|    time_elapsed           | 16       |
|    total_timesteps        | 20480    |
| train/                    |          |
|    explained_variance     | 0.00109  |
|    is_line_search_success | 1        |
|    kl_divergence_loss     | 0.00658  |
|    learning_rate          | 0.0003   |
|    n_updates              | 9        |
|    policy_objective       | 0.00237  |
|    value_loss             | 22.6     |
----------------------------------------
----------------------------------------
| rollout/                  |          |
|    ep_len_mean            | 200      |
|    ep_rew_mean            | -200     |
| time/                     |          |
|    fps                    | 1269     |
|    iterations             | 11       |
|    time_elapsed           | 17       |
|    total_timesteps        | 22528    |
| train/                    |          |
|    explained_variance     | -0.00187 |
|    is_line_search_success | 1        |
|    kl_divergence_loss     | 0.00845  |
|    learning_rate          | 0.0003   |
|    n_updates              | 10       |
|    policy_objective       | 0.00824  |
|    value_loss             | 17.5     |
----------------------------------------
----------------------------------------
| rollout/                  |          |
|    ep_len_mean            | 200      |
|    ep_rew_mean            | -200     |
| time/                     |          |
|    fps                    | 1268     |
|    iterations             | 12       |
|    time_elapsed           | 19       |
|    total_timesteps        | 24576    |
| train/                    |          |
|    explained_variance     | -0.002   |
|    is_line_search_success | 1        |
|    kl_divergence_loss     | 0.00645  |
|    learning_rate          | 0.0003   |
|    n_updates              | 11       |
|    policy_objective       | 0.00358  |
|    value_loss             | 13.3     |
----------------------------------------
----------------------------------------
| rollout/                  |          |
|    ep_len_mean            | 200      |
|    ep_rew_mean            | -200     |
| time/                     |          |
|    fps                    | 1268     |
|    iterations             | 13       |
|    time_elapsed           | 20       |
|    total_timesteps        | 26624    |
| train/                    |          |
|    explained_variance     | -0.00198 |
|    is_line_search_success | 1        |
|    kl_divergence_loss     | 0.00926  |
|    learning_rate          | 0.0003   |
|    n_updates              | 12       |
|    policy_objective       | 0.00563  |
|    value_loss             | 9.88     |
----------------------------------------
----------------------------------------
| rollout/                  |          |
|    ep_len_mean            | 200      |
|    ep_rew_mean            | -200     |
| time/                     |          |
|    fps                    | 1262     |
|    iterations             | 14       |
|    time_elapsed           | 22       |
|    total_timesteps        | 28672    |
| train/                    |          |
|    explained_variance     | -0.00132 |
|    is_line_search_success | 1        |
|    kl_divergence_loss     | 0.00864  |
|    learning_rate          | 0.0003   |
|    n_updates              | 13       |
|    policy_objective       | 0.00241  |
|    value_loss             | 7.21     |
----------------------------------------
-----------------------------------------
| rollout/                  |           |
|    ep_len_mean            | 200       |
|    ep_rew_mean            | -200      |
| time/                     |           |
|    fps                    | 1261      |
|    iterations             | 15        |
|    time_elapsed           | 24        |
|    total_timesteps        | 30720     |
| train/                    |           |
|    explained_variance     | -0.000847 |
|    is_line_search_success | 1         |
|    kl_divergence_loss     | 0.00686   |
|    learning_rate          | 0.0003    |
|    n_updates              | 14        |
|    policy_objective       | 0.00296   |
|    value_loss             | 5.17      |
-----------------------------------------
----------------------------------------
| rollout/                  |          |
|    ep_len_mean            | 200      |
|    ep_rew_mean            | -200     |
| time/                     |          |
|    fps                    | 1263     |
|    iterations             | 16       |
|    time_elapsed           | 25       |
|    total_timesteps        | 32768    |
| train/                    |          |
|    explained_variance     | 0.00062  |
|    is_line_search_success | 1        |
|    kl_divergence_loss     | 0.00637  |
|    learning_rate          | 0.0003   |
|    n_updates              | 15       |
|    policy_objective       | 0.00525  |
|    value_loss             | 3.63     |
----------------------------------------
----------------------------------------
| rollout/                  |          |
|    ep_len_mean            | 200      |
|    ep_rew_mean            | -200     |
| time/                     |          |
|    fps                    | 1261     |
|    iterations             | 17       |
|    time_elapsed           | 27       |
|    total_timesteps        | 34816    |
| train/                    |          |
|    explained_variance     | -0.0006  |
|    is_line_search_success | 1        |
|    kl_divergence_loss     | 0.00794  |
|    learning_rate          | 0.0003   |
|    n_updates              | 16       |
|    policy_objective       | 0.0036   |
|    value_loss             | 2.51     |
----------------------------------------
-----------------------------------------
| rollout/                  |           |
|    ep_len_mean            | 200       |
|    ep_rew_mean            | -200      |
| time/                     |           |
|    fps                    | 1263      |
|    iterations             | 18        |
|    time_elapsed           | 29        |
|    total_timesteps        | 36864     |
| train/                    |           |
|    explained_variance     | -0.000918 |
|    is_line_search_success | 1         |
|    kl_divergence_loss     | 0.00857   |
|    learning_rate          | 0.0003    |
|    n_updates              | 17        |
|    policy_objective       | 0.00477   |
|    value_loss             | 1.71      |
-----------------------------------------
----------------------------------------
| rollout/                  |          |
|    ep_len_mean            | 200      |
|    ep_rew_mean            | -200     |
| time/                     |          |
|    fps                    | 1263     |
|    iterations             | 19       |
|    time_elapsed           | 30       |
|    total_timesteps        | 38912    |
| train/                    |          |
|    explained_variance     | -0.00137 |
|    is_line_search_success | 1        |
|    kl_divergence_loss     | 0.00931  |
|    learning_rate          | 0.0003   |
|    n_updates              | 18       |
|    policy_objective       | 0.00719  |
|    value_loss             | 1.14     |
----------------------------------------
----------------------------------------
| rollout/                  |          |
|    ep_len_mean            | 200      |
|    ep_rew_mean            | -200     |
| time/                     |          |
|    fps                    | 1258     |
|    iterations             | 20       |
|    time_elapsed           | 32       |
|    total_timesteps        | 40960    |
| train/                    |          |
|    explained_variance     | -0.00112 |
|    is_line_search_success | 1        |
|    kl_divergence_loss     | 0.00843  |
|    learning_rate          | 0.0003   |
|    n_updates              | 19       |
|    policy_objective       | 0.00222  |
|    value_loss             | 0.758    |
----------------------------------------
----------------------------------------
| rollout/                  |          |
|    ep_len_mean            | 200      |
|    ep_rew_mean            | -200     |
| time/                     |          |
|    fps                    | 1246     |
|    iterations             | 21       |
|    time_elapsed           | 34       |
|    total_timesteps        | 43008    |
| train/                    |          |
|    explained_variance     | -0.00196 |
|    is_line_search_success | 1        |
|    kl_divergence_loss     | 0.00893  |
|    learning_rate          | 0.0003   |
|    n_updates              | 20       |
|    policy_objective       | 0.00597  |
|    value_loss             | 0.498    |
----------------------------------------
----------------------------------------
| rollout/                  |          |
|    ep_len_mean            | 200      |
|    ep_rew_mean            | -200     |
| time/                     |          |
|    fps                    | 1246     |
|    iterations             | 22       |
|    time_elapsed           | 36       |
|    total_timesteps        | 45056    |
| train/                    |          |
|    explained_variance     | -0.00145 |
|    is_line_search_success | 1        |
|    kl_divergence_loss     | 0.00486  |
|    learning_rate          | 0.0003   |
|    n_updates              | 21       |
|    policy_objective       | 0.00218  |
|    value_loss             | 0.329    |
----------------------------------------
----------------------------------------
| rollout/                  |          |
|    ep_len_mean            | 200      |
|    ep_rew_mean            | -200     |
| time/                     |          |
|    fps                    | 1248     |
|    iterations             | 23       |
|    time_elapsed           | 37       |
|    total_timesteps        | 47104    |
| train/                    |          |
|    explained_variance     | -0.005   |
|    is_line_search_success | 1        |
|    kl_divergence_loss     | 0.00913  |
|    learning_rate          | 0.0003   |
|    n_updates              | 22       |
|    policy_objective       | 0.00292  |
|    value_loss             | 0.213    |
----------------------------------------
----------------------------------------
| rollout/                  |          |
|    ep_len_mean            | 200      |
|    ep_rew_mean            | -200     |
| time/                     |          |
|    fps                    | 1250     |
|    iterations             | 24       |
|    time_elapsed           | 39       |
|    total_timesteps        | 49152    |
| train/                    |          |
|    explained_variance     | -0.00187 |
|    is_line_search_success | 1        |
|    kl_divergence_loss     | 0.00936  |
|    learning_rate          | 0.0003   |
|    n_updates              | 23       |
|    policy_objective       | 0.006    |
|    value_loss             | 0.139    |
----------------------------------------
----------------------------------------
| rollout/                  |          |
|    ep_len_mean            | 200      |
|    ep_rew_mean            | -200     |
| time/                     |          |
|    fps                    | 1250     |
|    iterations             | 25       |
|    time_elapsed           | 40       |
|    total_timesteps        | 51200    |
| train/                    |          |
|    explained_variance     | -0.00336 |
|    is_line_search_success | 1        |
|    kl_divergence_loss     | 0.00942  |
|    learning_rate          | 0.0003   |
|    n_updates              | 24       |
|    policy_objective       | 0.00248  |
|    value_loss             | 0.0912   |
----------------------------------------
----------------------------------------
| rollout/                  |          |
|    ep_len_mean            | 200      |
|    ep_rew_mean            | -200     |
| time/                     |          |
|    fps                    | 1246     |
|    iterations             | 26       |
|    time_elapsed           | 42       |
|    total_timesteps        | 53248    |
| train/                    |          |
|    explained_variance     | -0.0018  |
|    is_line_search_success | 1        |
|    kl_divergence_loss     | 0.00534  |
|    learning_rate          | 0.0003   |
|    n_updates              | 25       |
|    policy_objective       | 0.00155  |
|    value_loss             | 0.06     |
----------------------------------------
-----------------------------------------
| rollout/                  |           |
|    ep_len_mean            | 200       |
|    ep_rew_mean            | -200      |
| time/                     |           |
|    fps                    | 1244      |
|    iterations             | 27        |
|    time_elapsed           | 44        |
|    total_timesteps        | 55296     |
| train/                    |           |
|    explained_variance     | -0.000383 |
|    is_line_search_success | 1         |
|    kl_divergence_loss     | 0.00466   |
|    learning_rate          | 0.0003    |
|    n_updates              | 26        |
|    policy_objective       | 0.00162   |
|    value_loss             | 0.0395    |
-----------------------------------------
-----------------------------------------
| rollout/                  |           |
|    ep_len_mean            | 200       |
|    ep_rew_mean            | -200      |
| time/                     |           |
|    fps                    | 1246      |
|    iterations             | 28        |
|    time_elapsed           | 46        |
|    total_timesteps        | 57344     |
| train/                    |           |
|    explained_variance     | -1.42e-05 |
|    is_line_search_success | 1         |
|    kl_divergence_loss     | 0.00636   |
|    learning_rate          | 0.0003    |
|    n_updates              | 27        |
|    policy_objective       | 0.00119   |
|    value_loss             | 0.0262    |
-----------------------------------------
----------------------------------------
| rollout/                  |          |
|    ep_len_mean            | 200      |
|    ep_rew_mean            | -200     |
| time/                     |          |
|    fps                    | 1246     |
|    iterations             | 29       |
|    time_elapsed           | 47       |
|    total_timesteps        | 59392    |
| train/                    |          |
|    explained_variance     | 0.00014  |
|    is_line_search_success | 1        |
|    kl_divergence_loss     | 0.00819  |
|    learning_rate          | 0.0003   |
|    n_updates              | 28       |
|    policy_objective       | 0.00434  |
|    value_loss             | 0.0175   |
----------------------------------------
----------------------------------------
| rollout/                  |          |
|    ep_len_mean            | 200      |
|    ep_rew_mean            | -200     |
| time/                     |          |
|    fps                    | 1248     |
|    iterations             | 30       |
|    time_elapsed           | 49       |
|    total_timesteps        | 61440    |
| train/                    |          |
|    explained_variance     | 8.82e-05 |
|    is_line_search_success | 1        |
|    kl_divergence_loss     | 0.00876  |
|    learning_rate          | 0.0003   |
|    n_updates              | 29       |
|    policy_objective       | 0.0032   |
|    value_loss             | 0.0117   |
----------------------------------------
-----------------------------------------
| rollout/                  |           |
|    ep_len_mean            | 200       |
|    ep_rew_mean            | -200      |
| time/                     |           |
|    fps                    | 1246      |
|    iterations             | 31        |
|    time_elapsed           | 50        |
|    total_timesteps        | 63488     |
| train/                    |           |
|    explained_variance     | -0.000937 |
|    is_line_search_success | 1         |
|    kl_divergence_loss     | 0.00809   |
|    learning_rate          | 0.0003    |
|    n_updates              | 30        |
|    policy_objective       | 0.00303   |
|    value_loss             | 0.0081    |
-----------------------------------------
-----------------------------------------
| rollout/                  |           |
|    ep_len_mean            | 200       |
|    ep_rew_mean            | -200      |
| time/                     |           |
|    fps                    | 1245      |
|    iterations             | 32        |
|    time_elapsed           | 52        |
|    total_timesteps        | 65536     |
| train/                    |           |
|    explained_variance     | -0.000643 |
|    is_line_search_success | 1         |
|    kl_divergence_loss     | 0.00771   |
|    learning_rate          | 0.0003    |
|    n_updates              | 31        |
|    policy_objective       | 0.00377   |
|    value_loss             | 0.00535   |
-----------------------------------------
-----------------------------------------
| rollout/                  |           |
|    ep_len_mean            | 200       |
|    ep_rew_mean            | -200      |
| time/                     |           |
|    fps                    | 1245      |
|    iterations             | 33        |
|    time_elapsed           | 54        |
|    total_timesteps        | 67584     |
| train/                    |           |
|    explained_variance     | -0.000481 |
|    is_line_search_success | 1         |
|    kl_divergence_loss     | 0.00951   |
|    learning_rate          | 0.0003    |
|    n_updates              | 32        |
|    policy_objective       | 0.00613   |
|    value_loss             | 0.00363   |
-----------------------------------------
----------------------------------------
| rollout/                  |          |
|    ep_len_mean            | 200      |
|    ep_rew_mean            | -200     |
| time/                     |          |
|    fps                    | 1247     |
|    iterations             | 34       |
|    time_elapsed           | 55       |
|    total_timesteps        | 69632    |
| train/                    |          |
|    explained_variance     | -0.0022  |
|    is_line_search_success | 1        |
|    kl_divergence_loss     | 0.009    |
|    learning_rate          | 0.0003   |
|    n_updates              | 33       |
|    policy_objective       | 0.00392  |
|    value_loss             | 0.00251  |
----------------------------------------
-----------------------------------------
| rollout/                  |           |
|    ep_len_mean            | 200       |
|    ep_rew_mean            | -200      |
| time/                     |           |
|    fps                    | 1247      |
|    iterations             | 35        |
|    time_elapsed           | 57        |
|    total_timesteps        | 71680     |
| train/                    |           |
|    explained_variance     | -0.000934 |
|    is_line_search_success | 1         |
|    kl_divergence_loss     | 0.00938   |
|    learning_rate          | 0.0003    |
|    n_updates              | 34        |
|    policy_objective       | 0.00326   |
|    value_loss             | 0.00179   |
-----------------------------------------
----------------------------------------
| rollout/                  |          |
|    ep_len_mean            | 200      |
|    ep_rew_mean            | -200     |
| time/                     |          |
|    fps                    | 1249     |
|    iterations             | 36       |
|    time_elapsed           | 59       |
|    total_timesteps        | 73728    |
| train/                    |          |
|    explained_variance     | -0.00221 |
|    is_line_search_success | 1        |
|    kl_divergence_loss     | 0.009    |
|    learning_rate          | 0.0003   |
|    n_updates              | 35       |
|    policy_objective       | 0.00454  |
|    value_loss             | 0.00119  |
----------------------------------------
----------------------------------------
| rollout/                  |          |
|    ep_len_mean            | 200      |
|    ep_rew_mean            | -200     |
| time/                     |          |
|    fps                    | 1249     |
|    iterations             | 37       |
|    time_elapsed           | 60       |
|    total_timesteps        | 75776    |
| train/                    |          |
|    explained_variance     | -0.00143 |
|    is_line_search_success | 1        |
|    kl_divergence_loss     | 0.00747  |
|    learning_rate          | 0.0003   |
|    n_updates              | 36       |
|    policy_objective       | 0.00408  |
|    value_loss             | 0.000813 |
----------------------------------------
-----------------------------------------
| rollout/                  |           |
|    ep_len_mean            | 200       |
|    ep_rew_mean            | -200      |
| time/                     |           |
|    fps                    | 1248      |
|    iterations             | 38        |
|    time_elapsed           | 62        |
|    total_timesteps        | 77824     |
| train/                    |           |
|    explained_variance     | -0.000372 |
|    is_line_search_success | 1         |
|    kl_divergence_loss     | 0.00678   |
|    learning_rate          | 0.0003    |
|    n_updates              | 37        |
|    policy_objective       | 0.00308   |
|    value_loss             | 0.000571  |
-----------------------------------------
----------------------------------------
| rollout/                  |          |
|    ep_len_mean            | 200      |
|    ep_rew_mean            | -200     |
| time/                     |          |
|    fps                    | 1248     |
|    iterations             | 39       |
|    time_elapsed           | 63       |
|    total_timesteps        | 79872    |
| train/                    |          |
|    explained_variance     | -0.00414 |
|    is_line_search_success | 1        |
|    kl_divergence_loss     | 0.00888  |
|    learning_rate          | 0.0003   |
|    n_updates              | 38       |
|    policy_objective       | 0.00417  |
|    value_loss             | 0.000423 |
----------------------------------------
----------------------------------------
| rollout/                  |          |
|    ep_len_mean            | 200      |
|    ep_rew_mean            | -200     |
| time/                     |          |
|    fps                    | 1248     |
|    iterations             | 40       |
|    time_elapsed           | 65       |
|    total_timesteps        | 81920    |
| train/                    |          |
|    explained_variance     | -0.0078  |
|    is_line_search_success | 1        |
|    kl_divergence_loss     | 0.00856  |
|    learning_rate          | 0.0003   |
|    n_updates              | 39       |
|    policy_objective       | 0.00416  |
|    value_loss             | 0.000283 |
----------------------------------------
----------------------------------------
| rollout/                  |          |
|    ep_len_mean            | 200      |
|    ep_rew_mean            | -200     |
| time/                     |          |
|    fps                    | 1247     |
|    iterations             | 41       |
|    time_elapsed           | 67       |
|    total_timesteps        | 83968    |
| train/                    |          |
|    explained_variance     | -0.00912 |
|    is_line_search_success | 1        |
|    kl_divergence_loss     | 0.00812  |
|    learning_rate          | 0.0003   |
|    n_updates              | 40       |
|    policy_objective       | 0.00692  |
|    value_loss             | 0.000198 |
----------------------------------------
----------------------------------------
| rollout/                  |          |
|    ep_len_mean            | 200      |
|    ep_rew_mean            | -200     |
| time/                     |          |
|    fps                    | 1248     |
|    iterations             | 42       |
|    time_elapsed           | 68       |
|    total_timesteps        | 86016    |
| train/                    |          |
|    explained_variance     | -0.00858 |
|    is_line_search_success | 1        |
|    kl_divergence_loss     | 0.00577  |
|    learning_rate          | 0.0003   |
|    n_updates              | 41       |
|    policy_objective       | 0.0018   |
|    value_loss             | 0.00014  |
----------------------------------------
----------------------------------------
| rollout/                  |          |
|    ep_len_mean            | 200      |
|    ep_rew_mean            | -200     |
| time/                     |          |
|    fps                    | 1248     |
|    iterations             | 43       |
|    time_elapsed           | 70       |
|    total_timesteps        | 88064    |
| train/                    |          |
|    explained_variance     | -0.0169  |
|    is_line_search_success | 1        |
|    kl_divergence_loss     | 0.00956  |
|    learning_rate          | 0.0003   |
|    n_updates              | 42       |
|    policy_objective       | 0.00639  |
|    value_loss             | 0.000106 |
----------------------------------------
----------------------------------------
| rollout/                  |          |
|    ep_len_mean            | 200      |
|    ep_rew_mean            | -200     |
| time/                     |          |
|    fps                    | 1250     |
|    iterations             | 44       |
|    time_elapsed           | 72       |
|    total_timesteps        | 90112    |
| train/                    |          |
|    explained_variance     | -0.0257  |
|    is_line_search_success | 1        |
|    kl_divergence_loss     | 0.00655  |
|    learning_rate          | 0.0003   |
|    n_updates              | 43       |
|    policy_objective       | 0.00237  |
|    value_loss             | 6.95e-05 |
----------------------------------------
----------------------------------------
| rollout/                  |          |
|    ep_len_mean            | 200      |
|    ep_rew_mean            | -200     |
| time/                     |          |
|    fps                    | 1252     |
|    iterations             | 45       |
|    time_elapsed           | 73       |
|    total_timesteps        | 92160    |
| train/                    |          |
|    explained_variance     | -0.027   |
|    is_line_search_success | 1        |
|    kl_divergence_loss     | 0.00549  |
|    learning_rate          | 0.0003   |
|    n_updates              | 44       |
|    policy_objective       | 0.00445  |
|    value_loss             | 5.1e-05  |
----------------------------------------
----------------------------------------
| rollout/                  |          |
|    ep_len_mean            | 200      |
|    ep_rew_mean            | -200     |
| time/                     |          |
|    fps                    | 1254     |
|    iterations             | 46       |
|    time_elapsed           | 75       |
|    total_timesteps        | 94208    |
| train/                    |          |
|    explained_variance     | -0.0356  |
|    is_line_search_success | 1        |
|    kl_divergence_loss     | 0.00995  |
|    learning_rate          | 0.0003   |
|    n_updates              | 45       |
|    policy_objective       | 0.00354  |
|    value_loss             | 3.5e-05  |
----------------------------------------
